<?xml version="1.0" encoding="UTF-8"?>
<!-- Generated by org.testng.reporters.JUnitReportReporter -->
<testsuite hostname="Vishnudass-Mac-mini.local" failures="0" tests="2" name="com.pixbit.agencyportal.test.enquires.MarkAsSold" time="78.158" errors="0" timestamp="2024-05-28T12:26:06 IST" skipped="1">
  <testcase classname="com.pixbit.agencyportal.test.enquires.MarkAsSold" name="mark_as_sold_developer_underconstruction" time="78.158"/>
  <testcase classname="com.pixbit.agencyportal.test.enquires.MarkAsSold" name="mark_as_sold_developer_ready">
    <skipped/>
  </testcase> <!-- mark_as_sold_developer_ready -->
</testsuite> <!-- com.pixbit.agencyportal.test.enquires.MarkAsSold -->
