<?xml version="1.0" encoding="UTF-8"?>
<!-- Generated by org.testng.reporters.JUnitReportReporter -->
<testsuite hostname="Vishnudass-Mac-mini.local" failures="0" tests="13" name="com.pixbit.agencyportal.test.developers.property.add.CreateProperty" time="58.652" errors="1" timestamp="2024-05-24T18:10:48 IST" skipped="11">
  <testcase classname="com.pixbit.agencyportal.test.developers.property.add.CreateProperty" name="developer_property_adding_office_without_trakheesi_and_autofill_data" time="58.652"/>
  <testcase classname="com.pixbit.agencyportal.test.developers.property.add.CreateProperty" name="developer_property_adding_ready_with_trakheesi" time="0.000">
    <error message="java.io.FileNotFoundException: /Users/vk14/eclipse-workspace/AgencyPortal/src/test/java/data/developer_property_with_trakheesi_and_other_autoselecting.json (No such file or directory)" type="java.lang.RuntimeException">
      <![CDATA[java.lang.RuntimeException: java.io.FileNotFoundException: /Users/vk14/eclipse-workspace/AgencyPortal/src/test/java/data/developer_property_with_trakheesi_and_other_autoselecting.json (No such file or directory)
at org.testng.internal.invokers.MethodInvocationHelper.invokeMethodNoCheckedException(MethodInvocationHelper.java:57)
at org.testng.internal.invokers.MethodInvocationHelper.invokeDataProvider(MethodInvocationHelper.java:157)
at org.testng.internal.Parameters.handleParameters(Parameters.java:812)
at org.testng.internal.Parameters.handleParameters(Parameters.java:737)
at org.testng.internal.invokers.ParameterHandler.handleParameters(ParameterHandler.java:72)
at org.testng.internal.invokers.ParameterHandler.createParameters(ParameterHandler.java:51)
at org.testng.internal.invokers.TestInvoker$MethodInvocationAgent.invoke(TestInvoker.java:915)
at org.testng.internal.invokers.TestInvoker.invokeTestMethods(TestInvoker.java:201)
at org.testng.internal.invokers.TestMethodWorker.invokeTestMethods(TestMethodWorker.java:148)
at org.testng.internal.invokers.TestMethodWorker.run(TestMethodWorker.java:128)
at java.base/java.util.ArrayList.forEach(ArrayList.java:1511)
at org.testng.TestRunner.privateRun(TestRunner.java:819)
at org.testng.TestRunner.run(TestRunner.java:619)
at org.testng.SuiteRunner.runTest(SuiteRunner.java:443)
at org.testng.SuiteRunner.runSequentially(SuiteRunner.java:437)
at org.testng.SuiteRunner.privateRun(SuiteRunner.java:397)
at org.testng.SuiteRunner.run(SuiteRunner.java:336)
at org.testng.SuiteRunnerWorker.runSuite(SuiteRunnerWorker.java:52)
at org.testng.SuiteRunnerWorker.run(SuiteRunnerWorker.java:95)
at org.testng.TestNG.runSuitesSequentially(TestNG.java:1301)
at org.testng.TestNG.runSuitesLocally(TestNG.java:1228)
at org.testng.TestNG.runSuites(TestNG.java:1134)
at org.testng.TestNG.run(TestNG.java:1101)
at org.testng.remote.AbstractRemoteTestNG.run(AbstractRemoteTestNG.java:115)
at org.testng.remote.RemoteTestNG.initAndRun(RemoteTestNG.java:251)
at org.testng.remote.RemoteTestNG.main(RemoteTestNG.java:77)
Caused by: java.io.FileNotFoundException: /Users/vk14/eclipse-workspace/AgencyPortal/src/test/java/data/developer_property_with_trakheesi_and_other_autoselecting.json (No such file or directory)
at java.base/java.io.FileInputStream.open0(Native Method)
at java.base/java.io.FileInputStream.open(FileInputStream.java:216)
at java.base/java.io.FileInputStream.<init>(FileInputStream.java:157)
at org.apache.commons.io.FileUtils.openInputStream(FileUtils.java:2388)
at org.apache.commons.io.FileUtils.readFileToString(FileUtils.java:2506)
at com.pixbit.agencyportal.globalfiles.GlobalData.getJsondata(GlobalData.java:71)
at com.pixbit.agencyportal.test.developers.property.add.CreateProperty.property_with_office_underconstruction_commericial_whitegoods(CreateProperty.java:572)
at java.base/jdk.internal.reflect.NativeMethodAccessorImpl.invoke0(Native Method)
at java.base/jdk.internal.reflect.NativeMethodAccessorImpl.invoke(NativeMethodAccessorImpl.java:77)
at java.base/jdk.internal.reflect.DelegatingMethodAccessorImpl.invoke(DelegatingMethodAccessorImpl.java:43)
at java.base/java.lang.reflect.Method.invoke(Method.java:568)
at org.testng.internal.invokers.MethodInvocationHelper.invokeMethod(MethodInvocationHelper.java:139)
at org.testng.internal.invokers.MethodInvocationHelper.invokeMethod(MethodInvocationHelper.java:84)
at org.testng.internal.invokers.MethodInvocationHelper.invokeMethodNoCheckedException(MethodInvocationHelper.java:53)
... 25 more
]]>
    </error>
  </testcase> <!-- developer_property_adding_ready_with_trakheesi -->
  <testcase classname="com.pixbit.agencyportal.test.developers.property.add.CreateProperty" name="developer_property_adding_with_underconstruction_serviceapartment_with_allfields">
    <skipped/>
  </testcase> <!-- developer_property_adding_with_underconstruction_serviceapartment_with_allfields -->
  <testcase classname="com.pixbit.agencyportal.test.developers.property.add.CreateProperty" name="apartment_ready_fill_all_fields">
    <skipped/>
  </testcase> <!-- apartment_ready_fill_all_fields -->
  <testcase classname="com.pixbit.agencyportal.test.developers.property.add.CreateProperty" name="developer_property_adding_with_ready_villa_allfields">
    <skipped/>
  </testcase> <!-- developer_property_adding_with_ready_villa_allfields -->
  <testcase classname="com.pixbit.agencyportal.test.developers.property.add.CreateProperty" name="developer_property_adding_villa_underconstruction_without_trakheesi_otherallfields">
    <skipped/>
  </testcase> <!-- developer_property_adding_villa_underconstruction_without_trakheesi_otherallfields -->
  <testcase classname="com.pixbit.agencyportal.test.developers.property.add.CreateProperty" name="developer_property_adding_ready_with_trakheesi_and_autofill">
    <skipped/>
  </testcase> <!-- developer_property_adding_ready_with_trakheesi_and_autofill -->
  <testcase classname="com.pixbit.agencyportal.test.developers.property.add.CreateProperty" name="developer_property_adding_office_ready_without_trakheesi_only_requiredfields">
    <skipped/>
  </testcase> <!-- developer_property_adding_office_ready_without_trakheesi_only_requiredfields -->
  <testcase classname="com.pixbit.agencyportal.test.developers.property.add.CreateProperty" name="developer_property_adding_underconstruction_with_trakheesi_and_updatecount_autofill">
    <skipped/>
  </testcase> <!-- developer_property_adding_underconstruction_with_trakheesi_and_updatecount_autofill -->
  <testcase classname="com.pixbit.agencyportal.test.developers.property.add.CreateProperty" name="developer_property_adding_with_underconstruction_townhouse_with_allfields">
    <skipped/>
  </testcase> <!-- developer_property_adding_with_underconstruction_townhouse_with_allfields -->
  <testcase classname="com.pixbit.agencyportal.test.developers.property.add.CreateProperty" name="developer_property_adding_villa_without_trakheesi">
    <skipped/>
  </testcase> <!-- developer_property_adding_villa_without_trakheesi -->
  <testcase classname="com.pixbit.agencyportal.test.developers.property.add.CreateProperty" name="developer_property_adding_with_ready_office__allfields">
    <skipped/>
  </testcase> <!-- developer_property_adding_with_ready_office__allfields -->
  <testcase classname="com.pixbit.agencyportal.test.developers.property.add.CreateProperty" name="developer_property_adding_apartment_underconstruction_without_trakheesi_and_rent_fillotherfields">
    <skipped/>
  </testcase> <!-- developer_property_adding_apartment_underconstruction_without_trakheesi_and_rent_fillotherfields -->
</testsuite> <!-- com.pixbit.agencyportal.test.developers.property.add.CreateProperty -->
