<?xml version="1.0" encoding="UTF-8"?>
<!-- Generated by org.testng.reporters.JUnitReportReporter -->
<testsuite hostname="Vishnudass-Mac-mini.local" failures="0" tests="2" name="com.pixbit.agencyportal.enquires.MarkAsSold" time="72.545" errors="0" timestamp="2024-05-23T09:20:39 IST" skipped="1">
  <testcase classname="com.pixbit.agencyportal.enquires.MarkAsSold" name="mark_as_sold_developer_underconstruction" time="72.545"/>
  <testcase classname="com.pixbit.agencyportal.enquires.MarkAsSold" name="mark_as_sold_developer_ready">
    <skipped/>
  </testcase> <!-- mark_as_sold_developer_ready -->
</testsuite> <!-- com.pixbit.agencyportal.enquires.MarkAsSold -->
