<?xml version="1.0" encoding="UTF-8"?>
<!-- Generated by org.testng.reporters.JUnitReportReporter -->
<testsuite hostname="Vishnudass-Mac-mini.local" failures="0" tests="5" name="com.pixbit.agencyporta.test.ps.PropertySpecalistCreation" time="163.159" errors="0" timestamp="2024-07-08T12:33:57 IST" skipped="1">
  <testcase classname="com.pixbit.agencyporta.test.ps.PropertySpecalistCreation" name="create_property_specalist_required_only" time="39.517"/>
  <testcase classname="com.pixbit.agencyporta.test.ps.PropertySpecalistCreation" name="create_property_specalist_required_only" time="42.988"/>
  <testcase classname="com.pixbit.agencyporta.test.ps.PropertySpecalistCreation" name="create_property_specalist_required_only" time="40.238"/>
  <testcase classname="com.pixbit.agencyporta.test.ps.PropertySpecalistCreation" name="create_property_specalist_required_only" time="40.416"/>
  <testcase classname="com.pixbit.agencyporta.test.ps.PropertySpecalistCreation" name="create_property_specalist_with_all_details_1">
    <skipped/>
  </testcase> <!-- create_property_specalist_with_all_details_1 -->
</testsuite> <!-- com.pixbit.agencyporta.test.ps.PropertySpecalistCreation -->
