<?xml version="1.0" encoding="UTF-8"?>
<!-- Generated by org.testng.reporters.JUnitReportReporter -->
<testsuite hostname="Vishnudass-Mac-mini.local" failures="0" tests="2" name="propertyspecalist.PropertySpecalistCreation" time="20.124" errors="0" timestamp="2024-01-03T11:33:45 IST" skipped="1">
  <testcase classname="propertyspecalist.PropertySpecalistCreation" name="create_property_specalist_required_only" time="20.124"/>
  <testcase classname="propertyspecalist.PropertySpecalistCreation" name="create_property_specalist_with_all_details_1">
    <skipped/>
  </testcase> <!-- create_property_specalist_with_all_details_1 -->
</testsuite> <!-- propertyspecalist.PropertySpecalistCreation -->
