<?xml version="1.0" encoding="UTF-8"?>
<!-- Generated by org.testng.reporters.JUnitReportReporter -->
<testsuite hostname="Vishnudass-Mac-mini.local" failures="0" tests="2" name="com.pixbit.agencyportal.smoketesting.SmokeTestingCases" time="46.738" errors="0" timestamp="2024-03-27T19:27:26 IST" skipped="1">
  <testcase classname="com.pixbit.agencyportal.smoketesting.SmokeTestingCases" name="change_sub_status_property" time="46.738"/>
  <testcase classname="com.pixbit.agencyportal.smoketesting.SmokeTestingCases" name="add_property">
    <skipped/>
  </testcase> <!-- add_property -->
</testsuite> <!-- com.pixbit.agencyportal.smoketesting.SmokeTestingCases -->
