<?xml version="1.0" encoding="UTF-8"?>
<!-- Generated by org.testng.reporters.JUnitReportReporter -->
<testsuite hostname="Vishnudass-Mac-mini.local" failures="0" tests="2" name="project.CreateProject" time="39.014" errors="0" timestamp="2024-02-05T15:29:23 IST" skipped="1">
  <testcase classname="project.CreateProject" name="projectWithReadyAndPosthandoverNo" time="39.014"/>
  <testcase classname="project.CreateProject" name="singlePhaseReadyNoPosthandover_1">
    <skipped/>
  </testcase> <!-- singlePhaseReadyNoPosthandover_1 -->
</testsuite> <!-- project.CreateProject -->
