<?xml version="1.0" encoding="UTF-8"?>
<!-- Generated by org.testng.reporters.JUnitReportReporter -->
<testsuite hostname="Vishnudass-Mac-mini.local" failures="0" tests="8" name="com.pixbit.agencyportal.test.developers.property.add.CreateProperty" time="235.372" errors="0" timestamp="2024-07-23T16:07:27 IST" skipped="7">
  <testcase classname="com.pixbit.agencyportal.test.developers.property.add.CreateProperty" name="apartmentReadyFillAllFields" time="235.372"/>
  <testcase classname="com.pixbit.agencyportal.test.developers.property.add.CreateProperty" name="developer_property_adding_with_ready_office__allfields">
    <skipped/>
  </testcase> <!-- developer_property_adding_with_ready_office__allfields -->
  <testcase classname="com.pixbit.agencyportal.test.developers.property.add.CreateProperty" name="developer_property_adding_office_ready_without_trakheesi_only_requiredfields">
    <skipped/>
  </testcase> <!-- developer_property_adding_office_ready_without_trakheesi_only_requiredfields -->
  <testcase classname="com.pixbit.agencyportal.test.developers.property.add.CreateProperty" name="developer_property_adding_underconstruction_with_trakheesi_and_updatecount_autofill">
    <skipped/>
  </testcase> <!-- developer_property_adding_underconstruction_with_trakheesi_and_updatecount_autofill -->
  <testcase classname="com.pixbit.agencyportal.test.developers.property.add.CreateProperty" name="developer_property_adding_ready_with_trakheesi">
    <skipped/>
  </testcase> <!-- developer_property_adding_ready_with_trakheesi -->
  <testcase classname="com.pixbit.agencyportal.test.developers.property.add.CreateProperty" name="developer_property_adding_office_without_trakheesi_and_autofill_data">
    <skipped/>
  </testcase> <!-- developer_property_adding_office_without_trakheesi_and_autofill_data -->
  <testcase classname="com.pixbit.agencyportal.test.developers.property.add.CreateProperty" name="developer_property_adding_villa_underconstruction_without_trakheesi_otherallfields">
    <skipped/>
  </testcase> <!-- developer_property_adding_villa_underconstruction_without_trakheesi_otherallfields -->
  <testcase classname="com.pixbit.agencyportal.test.developers.property.add.CreateProperty" name="developer_property_adding_ready_with_trakheesi_and_autofill">
    <skipped/>
  </testcase> <!-- developer_property_adding_ready_with_trakheesi_and_autofill -->
</testsuite> <!-- com.pixbit.agencyportal.test.developers.property.add.CreateProperty -->
