<?xml version="1.0" encoding="UTF-8"?>
<!-- Generated by org.testng.reporters.JUnitReportReporter -->
<testsuite hostname="Vishnudass-Mac-mini.local" failures="0" tests="1" name="com.pixbit.agencyportal.test.developers.property.add.CreateProperty" time="255.768" errors="0" timestamp="2024-05-20T12:08:45 IST" skipped="0">
  <testcase classname="com.pixbit.agencyportal.test.developers.property.add.CreateProperty" name="apartment_ready_fill_all_fields" time="255.768"/>
</testsuite> <!-- com.pixbit.agencyportal.test.developers.property.add.CreateProperty -->
