<?xml version="1.0" encoding="UTF-8"?>
<!-- Generated by org.testng.reporters.JUnitReportReporter -->
<testsuite hostname="Vishnudass-Mac-mini.local" failures="0" tests="1" name="com.pixbit.agencyportal.test.developers.property.add.CreateProperty" time="176.395" errors="0" timestamp="2024-04-02T09:59:09 IST" skipped="0">
  <testcase classname="com.pixbit.agencyportal.test.developers.property.add.CreateProperty" name="developer_property_adding_with_ready_office__allfields" time="176.395"/>
</testsuite> <!-- com.pixbit.agencyportal.test.developers.property.add.CreateProperty -->
