<?xml version="1.0" encoding="UTF-8"?>
<!-- Generated by org.testng.reporters.JUnitReportReporter -->
<testsuite hostname="Vishnudass-Mac-mini.local" failures="0" tests="1" name="developers.CreateProperty" time="177.904" errors="0" timestamp="2024-02-07T14:10:58 IST" skipped="0">
  <testcase classname="developers.CreateProperty" name="developer_property_adding_apartment_underconstruction_without_trakheesi_and_rent_fillotherfields" time="177.904"/>
</testsuite> <!-- developers.CreateProperty -->
