<?xml version="1.0" encoding="UTF-8"?>
<!-- Generated by org.testng.reporters.JUnitReportReporter -->
<testsuite hostname="Vishnudass-Mac-mini.local" failures="0" tests="1" name="developers.CreateProperty" time="194.995" errors="0" timestamp="2024-02-22T11:11:07 IST" skipped="0">
  <testcase classname="developers.CreateProperty" name="developer_property_adding_with_ready_apartment_allfields" time="194.995"/>
</testsuite> <!-- developers.CreateProperty -->
