<?xml version="1.0" encoding="UTF-8"?>
<!-- Generated by org.testng.reporters.JUnitReportReporter -->
<testsuite hostname="Vishnudass-Mac-mini.local" failures="0" tests="2" name="project.CreateProject" time="72.226" errors="0" timestamp="2024-02-28T09:53:41 IST" skipped="1">
  <testcase classname="project.CreateProject" name="twoPhaseReadyAndUnderConstruction_1" time="72.226"/>
  <testcase classname="project.CreateProject" name="singlePhaseReadyNoPosthandover_1">
    <skipped/>
  </testcase> <!-- singlePhaseReadyNoPosthandover_1 -->
</testsuite> <!-- project.CreateProject -->
